<?xml version="1.0" encoding="UTF-8"?>
<!-- Generated by org.testng.reporters.JUnitReportReporter -->
<testsuite hostname="YPTRNG04DT" name="runner.runner" tests="1" failures="0" timestamp="15 Dec 2018 10:22:27 GMT" time="51.894" errors="0">
  <testcase name="feature" time="51.894" classname="runner.runner"/>
</testsuite> <!-- runner.runner -->
