<?xml version="1.0" encoding="UTF-8"?>
<!-- Generated by org.testng.reporters.JUnitReportReporter -->
<testsuite hostname="YPTRNG04DT" name="runner.runner" tests="1" failures="0" timestamp="16 Dec 2018 05:43:41 GMT" time="53.543" errors="0">
  <testcase name="feature" time="53.543" classname="runner.runner"/>
</testsuite> <!-- runner.runner -->
