<?xml version="1.0" encoding="UTF-8"?>
<!-- Generated by org.testng.reporters.JUnitReportReporter -->
<testsuite hostname="YPTRNG04DT" name="runner.runner2" tests="1" failures="0" timestamp="16 Dec 2018 05:43:41 GMT" time="78.283" errors="0">
  <testcase name="feature" time="78.283" classname="runner.runner2"/>
</testsuite> <!-- runner.runner2 -->
